#
# There is insufficient memory for the Java Runtime Environment to continue.
# Native memory allocation (malloc) failed to allocate 968496 bytes for Chunk::new
# Possible reasons:
#   The system is out of physical RAM or swap space
#   The process is running with CompressedOops enabled, and the Java Heap may be blocking the growth of the native heap
# Possible solutions:
#   Reduce memory load on the system
#   Increase physical memory or swap space
#   Check if swap backing store is full
#   Decrease Java heap size (-Xmx/-Xms)
#   Decrease number of Java threads
#   Decrease Java thread stack sizes (-Xss)
#   Set larger code cache with -XX:ReservedCodeCacheSize=
#   JVM is running with Unscaled Compressed Oops mode in which the Java heap is
#     placed in the first 4GB address space. The Java Heap base address is the
#     maximum limit for the native heap growth. Please use -XX:HeapBaseMinAddress
#     to set the Java Heap base and to place the Java Heap above 4GB virtual address.
# This output file may be truncated or incomplete.
#
#  Out of Memory Error (allocation.cpp:389), pid=10420, tid=0x000000000000090c
#
# JRE version: OpenJDK Runtime Environment (8.0_242-b01) (build 1.8.0_242-release-1644-b01)
# Java VM: OpenJDK 64-Bit Server VM (25.242-b01 mixed mode windows-amd64 compressed oops)
# Failed to write core dump. Minidumps are not enabled by default on client versions of Windows
#

---------------  T H R E A D  ---------------

Current thread (0x0000000019178800):  JavaThread "C2 CompilerThread1" daemon [_thread_in_native, id=2316, stack(0x0000000019570000,0x0000000019670000)]

Stack: [0x0000000019570000,0x0000000019670000]
[error occurred during error reporting (printing stack bounds), id 0xc0000005]

Native frames: (J=compiled Java code, j=interpreted, Vv=VM code, C=native code)


Current CompileTask:
C2:   5808 5289       4       com.sun.beans.TypeResolver::resolve (37 bytes)


---------------  P R O C E S S  ---------------

Java Threads: ( => current thread )
  0x000000001f3f3000 JavaThread "Cache worker for execution history cache (D:\Study\University\AndroidStudioProjects\android2020\Activity_intent\.gradle\6.5\executionHistory)" [_thread_blocked, id=12668, stack(0x000000002b200000,0x000000002b300000)]
  0x000000001f3f2800 JavaThread "Execution worker for ':' Thread 5" [_thread_blocked, id=13860, stack(0x000000002b100000,0x000000002b200000)]
  0x000000001f3f1800 JavaThread "Execution worker for ':' Thread 4" [_thread_blocked, id=13844, stack(0x000000002b000000,0x000000002b100000)]
  0x000000001f3ea000 JavaThread "Execution worker for ':' Thread 3" [_thread_blocked, id=13708, stack(0x000000002af00000,0x000000002b000000)]
  0x000000001f3f1000 JavaThread "Execution worker for ':' Thread 2" [_thread_blocked, id=6604, stack(0x000000002ae00000,0x000000002af00000)]
  0x000000001f3e9800 JavaThread "Execution worker for ':'" [_thread_blocked, id=14036, stack(0x000000002a2e0000,0x000000002a3e0000)]
  0x000000001f3f0000 JavaThread "jar transforms Thread 92" [_thread_blocked, id=12352, stack(0x0000000029be0000,0x0000000029ce0000)]
  0x000000001f3ee000 JavaThread "jar transforms Thread 91" [_thread_blocked, id=12320, stack(0x0000000029ae0000,0x0000000029be0000)]
  0x000000001f3eb800 JavaThread "jar transforms Thread 90" [_thread_blocked, id=2816, stack(0x00000000299e0000,0x0000000029ae0000)]
  0x000000001f3ef800 JavaThread "jar transforms Thread 89" [_thread_blocked, id=3256, stack(0x00000000298e0000,0x00000000299e0000)]
  0x000000001f3eb000 JavaThread "jar transforms Thread 88" [_thread_blocked, id=6012, stack(0x00000000297e0000,0x00000000298e0000)]
  0x000000001f3ed000 JavaThread "jar transforms Thread 87" [_thread_blocked, id=13916, stack(0x00000000296e0000,0x00000000297e0000)]
  0x000000001f3ee800 JavaThread "jar transforms Thread 86" [_thread_blocked, id=5988, stack(0x00000000295e0000,0x00000000296e0000)]
  0x000000001f371800 JavaThread "jar transforms Thread 85" [_thread_blocked, id=8900, stack(0x00000000294e0000,0x00000000295e0000)]
  0x000000001f371000 JavaThread "jar transforms Thread 84" [_thread_blocked, id=12820, stack(0x00000000293e0000,0x00000000294e0000)]
  0x000000001f36f800 JavaThread "jar transforms Thread 83" [_thread_blocked, id=10872, stack(0x00000000292e0000,0x00000000293e0000)]
  0x000000001f36e800 JavaThread "jar transforms Thread 82" [_thread_blocked, id=12048, stack(0x00000000291e0000,0x00000000292e0000)]
  0x000000001f36d000 JavaThread "jar transforms Thread 81" [_thread_blocked, id=5968, stack(0x0000000028ee0000,0x0000000028fe0000)]
  0x000000001f36c800 JavaThread "jar transforms Thread 80" [_thread_blocked, id=14292, stack(0x0000000028de0000,0x0000000028ee0000)]
  0x000000001f370000 JavaThread "jar transforms Thread 79" [_thread_blocked, id=11848, stack(0x0000000028ce0000,0x0000000028de0000)]
  0x000000001f36e000 JavaThread "jar transforms Thread 78" [_thread_blocked, id=5692, stack(0x0000000028be0000,0x0000000028ce0000)]
  0x000000001f36b800 JavaThread "jar transforms Thread 77" [_thread_blocked, id=5556, stack(0x0000000028ae0000,0x0000000028be0000)]
  0x000000001f372800 JavaThread "jar transforms Thread 76" [_thread_blocked, id=12984, stack(0x00000000289e0000,0x0000000028ae0000)]
  0x000000001f364000 JavaThread "jar transforms Thread 75" [_thread_blocked, id=14164, stack(0x00000000288e0000,0x00000000289e0000)]
  0x000000001f36b000 JavaThread "jar transforms Thread 74" [_thread_blocked, id=10636, stack(0x00000000287e0000,0x00000000288e0000)]
  0x000000001f363800 JavaThread "jar transforms Thread 73" [_thread_blocked, id=12456, stack(0x00000000286e0000,0x00000000287e0000)]
  0x000000001f36a000 JavaThread "jar transforms Thread 72" [_thread_blocked, id=14080, stack(0x00000000285e0000,0x00000000286e0000)]
  0x000000001f369800 JavaThread "jar transforms Thread 71" [_thread_blocked, id=13556, stack(0x00000000284e0000,0x00000000285e0000)]
  0x000000001f367000 JavaThread "jar transforms Thread 70" [_thread_blocked, id=9024, stack(0x00000000283e0000,0x00000000284e0000)]
  0x000000001f366800 JavaThread "jar transforms Thread 69" [_thread_blocked, id=14240, stack(0x00000000282e0000,0x00000000283e0000)]
  0x000000001f365800 JavaThread "jar transforms Thread 68" [_thread_blocked, id=12736, stack(0x00000000281e0000,0x00000000282e0000)]
  0x000000001f368800 JavaThread "jar transforms Thread 67" [_thread_blocked, id=12476, stack(0x00000000280e0000,0x00000000281e0000)]
  0x000000001f368000 JavaThread "jar transforms Thread 66" [_thread_blocked, id=12124, stack(0x0000000027fe0000,0x00000000280e0000)]
  0x000000001f365000 JavaThread "jar transforms Thread 65" [_thread_blocked, id=1596, stack(0x0000000027ee0000,0x0000000027fe0000)]
  0x000000001f963000 JavaThread "jar transforms Thread 64" [_thread_blocked, id=10828, stack(0x0000000027de0000,0x0000000027ee0000)]
  0x000000001f962800 JavaThread "jar transforms Thread 63" [_thread_blocked, id=1240, stack(0x0000000027ce0000,0x0000000027de0000)]
  0x000000001f965800 JavaThread "jar transforms Thread 62" [_thread_blocked, id=1000, stack(0x0000000027be0000,0x0000000027ce0000)]
  0x000000001f95f800 JavaThread "jar transforms Thread 61" [_thread_blocked, id=9408, stack(0x0000000027ae0000,0x0000000027be0000)]
  0x000000001f964000 JavaThread "jar transforms Thread 60" [_thread_blocked, id=13852, stack(0x00000000279e0000,0x0000000027ae0000)]
  0x000000001f961800 JavaThread "jar transforms Thread 59" [_thread_blocked, id=12220, stack(0x00000000278e0000,0x00000000279e0000)]
  0x000000001f964800 JavaThread "jar transforms Thread 58" [_thread_blocked, id=3020, stack(0x00000000277e0000,0x00000000278e0000)]
  0x000000001f961000 JavaThread "jar transforms Thread 57" [_thread_blocked, id=6052, stack(0x00000000276e0000,0x00000000277e0000)]
  0x000000001f960000 JavaThread "jar transforms Thread 56" [_thread_blocked, id=13272, stack(0x00000000275e0000,0x00000000276e0000)]
  0x000000001f957800 JavaThread "jar transforms Thread 55" [_thread_blocked, id=12372, stack(0x00000000274e0000,0x00000000275e0000)]
  0x000000001f95e800 JavaThread "jar transforms Thread 54" [_thread_blocked, id=10404, stack(0x00000000273e0000,0x00000000274e0000)]
  0x000000001f95b800 JavaThread "jar transforms Thread 53" [_thread_blocked, id=12192, stack(0x00000000272e0000,0x00000000273e0000)]
  0x000000001f95a000 JavaThread "jar transforms Thread 52" [_thread_blocked, id=8980, stack(0x00000000271e0000,0x00000000272e0000)]
  0x000000001f957000 JavaThread "jar transforms Thread 51" [_thread_blocked, id=11064, stack(0x00000000270e0000,0x00000000271e0000)]
  0x000000001f959000 JavaThread "jar transforms Thread 50" [_thread_blocked, id=4220, stack(0x0000000026fe0000,0x00000000270e0000)]
  0x000000001f95b000 JavaThread "jar transforms Thread 49" [_thread_blocked, id=1808, stack(0x0000000026ee0000,0x0000000026fe0000)]
  0x000000001f95e000 JavaThread "jar transforms Thread 48" [_thread_blocked, id=12232, stack(0x0000000026de0000,0x0000000026ee0000)]
  0x000000001f95c800 JavaThread "jar transforms Thread 47" [_thread_blocked, id=11984, stack(0x0000000026ce0000,0x0000000026de0000)]
  0x000000001f958800 JavaThread "jar transforms Thread 46" [_thread_blocked, id=13624, stack(0x0000000026be0000,0x0000000026ce0000)]
  0x000000001f95d000 JavaThread "jar transforms Thread 45" [_thread_blocked, id=10924, stack(0x0000000026ae0000,0x0000000026be0000)]
  0x000000001f956000 JavaThread "jar transforms Thread 44" [_thread_blocked, id=11268, stack(0x00000000269e0000,0x0000000026ae0000)]
  0x0000000020e4a800 JavaThread "jar transforms Thread 43" [_thread_blocked, id=11144, stack(0x00000000268e0000,0x00000000269e0000)]
  0x0000000020e4a000 JavaThread "jar transforms Thread 42" [_thread_blocked, id=6356, stack(0x00000000267e0000,0x00000000268e0000)]
  0x0000000020e44000 JavaThread "jar transforms Thread 41" [_thread_blocked, id=1848, stack(0x00000000266e0000,0x00000000267e0000)]
  0x0000000020e45800 JavaThread "jar transforms Thread 40" [_thread_blocked, id=5084, stack(0x00000000265e0000,0x00000000266e0000)]
  0x0000000020e43000 JavaThread "jar transforms Thread 39" [_thread_blocked, id=6576, stack(0x00000000264e0000,0x00000000265e0000)]
  0x0000000020e44800 JavaThread "jar transforms Thread 38" [_thread_blocked, id=10640, stack(0x00000000263e0000,0x00000000264e0000)]
  0x0000000020e46000 JavaThread "jar transforms Thread 37" [_thread_blocked, id=11528, stack(0x00000000262e0000,0x00000000263e0000)]
  0x0000000020e48800 JavaThread "jar transforms Thread 36" [_thread_blocked, id=13404, stack(0x00000000261e0000,0x00000000262e0000)]
  0x0000000020e47000 JavaThread "jar transforms Thread 35" [_thread_blocked, id=13144, stack(0x00000000260e0000,0x00000000261e0000)]
  0x0000000020e49000 JavaThread "jar transforms Thread 34" [_thread_blocked, id=11824, stack(0x0000000025fe0000,0x00000000260e0000)]
  0x0000000020e47800 JavaThread "jar transforms Thread 33" [_thread_blocked, id=5352, stack(0x0000000025ee0000,0x0000000025fe0000)]
  0x0000000020e3b800 JavaThread "jar transforms Thread 32" [_thread_blocked, id=11764, stack(0x0000000025de0000,0x0000000025ee0000)]
  0x0000000020e3f800 JavaThread "jar transforms Thread 31" [_thread_blocked, id=6152, stack(0x0000000025ce0000,0x0000000025de0000)]
  0x0000000020e42800 JavaThread "jar transforms Thread 30" [_thread_blocked, id=6468, stack(0x0000000025be0000,0x0000000025ce0000)]
  0x0000000020e41800 JavaThread "jar transforms Thread 29" [_thread_blocked, id=11388, stack(0x0000000025ae0000,0x0000000025be0000)]
  0x0000000020e40000 JavaThread "jar transforms Thread 28" [_thread_blocked, id=13756, stack(0x00000000259e0000,0x0000000025ae0000)]
  0x0000000020e3d000 JavaThread "jar transforms Thread 27" [_thread_blocked, id=14304, stack(0x00000000258e0000,0x00000000259e0000)]
  0x0000000020e41000 JavaThread "jar transforms Thread 26" [_thread_blocked, id=10248, stack(0x00000000257e0000,0x00000000258e0000)]
  0x0000000020e3e000 JavaThread "jar transforms Thread 25" [_thread_blocked, id=13348, stack(0x00000000256e0000,0x00000000257e0000)]
  0x0000000020e3e800 JavaThread "jar transforms Thread 24" [_thread_blocked, id=7204, stack(0x00000000255e0000,0x00000000256e0000)]
  0x0000000020e3c800 JavaThread "jar transforms Thread 23" [_thread_blocked, id=14300, stack(0x00000000254e0000,0x00000000255e0000)]
  0x0000000020e30800 JavaThread "jar transforms Thread 22" [_thread_blocked, id=12096, stack(0x00000000253e0000,0x00000000254e0000)]
  0x0000000020e31800 JavaThread "jar transforms Thread 21" [_thread_blocked, id=14220, stack(0x00000000252e0000,0x00000000253e0000)]
  0x0000000020e2f000 JavaThread "Build operations Thread 6" [_thread_blocked, id=13020, stack(0x00000000251e0000,0x00000000252e0000)]
  0x0000000020e2d800 JavaThread "Build operations Thread 5" [_thread_blocked, id=596, stack(0x00000000250e0000,0x00000000251e0000)]
  0x0000000020e2d000 JavaThread "Build operations Thread 4" [_thread_blocked, id=5092, stack(0x0000000024fe0000,0x00000000250e0000)]
  0x0000000020e33000 JavaThread "Build operations Thread 3" [_thread_blocked, id=12208, stack(0x0000000024ee0000,0x0000000024fe0000)]
  0x0000000020e2e800 JavaThread "Build operations Thread 2" [_thread_blocked, id=13152, stack(0x0000000024de0000,0x0000000024ee0000)]
  0x0000000020e32000 JavaThread "Build operations" [_thread_blocked, id=3312, stack(0x0000000023c70000,0x0000000023d70000)]
  0x0000000020e30000 JavaThread "Cache worker for Build Output Cleanup Cache (D:\Study\University\AndroidStudioProjects\android2020\Activity_intent\.gradle\buildOutputCleanup)" [_thread_blocked, id=11192, stack(0x0000000023360000,0x0000000023460000)]
  0x000000001ba31800 JavaThread "Cache worker for file content cache (C:\Users\tacti\.gradle\caches\6.5\fileContent)" [_thread_blocked, id=11784, stack(0x0000000023260000,0x0000000023360000)]
  0x000000001ba35800 JavaThread "Cache worker for execution history cache (C:\Users\tacti\.gradle\caches\6.5\executionHistory)" [_thread_blocked, id=12216, stack(0x0000000022d60000,0x0000000022e60000)]
  0x000000001ba34800 JavaThread "Cache worker for cache directory md-rule (C:\Users\tacti\.gradle\caches\6.5\md-rule)" [_thread_blocked, id=11664, stack(0x0000000022a60000,0x0000000022b60000)]
  0x000000001ba30000 JavaThread "Cache worker for cache directory md-supplier (C:\Users\tacti\.gradle\caches\6.5\md-supplier)" [_thread_blocked, id=6016, stack(0x0000000022960000,0x0000000022a60000)]
  0x000000001ba32800 JavaThread "Cache worker for checksums cache (D:\Study\University\AndroidStudioProjects\android2020\Activity_intent\.gradle\checksums)" [_thread_blocked, id=11108, stack(0x0000000022860000,0x0000000022960000)]
  0x000000001ba31000 JavaThread "jar transforms Thread 20" [_thread_blocked, id=13804, stack(0x0000000022460000,0x0000000022560000)]
  0x000000001ba28800 JavaThread "jar transforms Thread 19" [_thread_blocked, id=13512, stack(0x0000000022360000,0x0000000022460000)]
  0x000000001ba28000 JavaThread "jar transforms Thread 18" [_thread_blocked, id=12248, stack(0x0000000022260000,0x0000000022360000)]
  0x000000001ba2e800 JavaThread "jar transforms Thread 17" [_thread_blocked, id=9544, stack(0x0000000022160000,0x0000000022260000)]
  0x000000001ba2e000 JavaThread "jar transforms Thread 16" [_thread_blocked, id=14200, stack(0x0000000022060000,0x0000000022160000)]
  0x000000001ba26800 JavaThread "jar transforms Thread 15" [_thread_blocked, id=1652, stack(0x0000000021f60000,0x0000000022060000)]
  0x000000001ba2d000 JavaThread "jar transforms Thread 14" [_thread_blocked, id=12296, stack(0x0000000021e60000,0x0000000021f60000)]
  0x000000001ba2c800 JavaThread "jar transforms Thread 13" [_thread_blocked, id=10736, stack(0x0000000021d60000,0x0000000021e60000)]
  0x000000001ba2b000 JavaThread "jar transforms Thread 12" [_thread_blocked, id=3376, stack(0x0000000021c60000,0x0000000021d60000)]
  0x000000001ba2a000 JavaThread "jar transforms Thread 11" [_thread_blocked, id=11168, stack(0x0000000021b60000,0x0000000021c60000)]
  0x000000001ba27000 JavaThread "jar transforms Thread 10" [_thread_blocked, id=12308, stack(0x0000000021a60000,0x0000000021b60000)]
  0x000000001ba2b800 JavaThread "jar transforms Thread 9" [_thread_blocked, id=8144, stack(0x0000000021960000,0x0000000021a60000)]
  0x000000001ba29800 JavaThread "jar transforms Thread 8" [_thread_blocked, id=12732, stack(0x0000000021860000,0x0000000021960000)]
  0x000000001b861000 JavaThread "jar transforms Thread 7" [_thread_blocked, id=13824, stack(0x0000000021760000,0x0000000021860000)]
  0x000000001b860000 JavaThread "jar transforms Thread 6" [_thread_blocked, id=14084, stack(0x0000000021660000,0x0000000021760000)]
  0x000000001b85f800 JavaThread "jar transforms Thread 5" [_thread_blocked, id=3216, stack(0x0000000021560000,0x0000000021660000)]
  0x000000001b85b000 JavaThread "jar transforms Thread 4" [_thread_blocked, id=232, stack(0x0000000021460000,0x0000000021560000)]
  0x000000001b85e800 JavaThread "jar transforms Thread 3" [_thread_blocked, id=4388, stack(0x000000001fd40000,0x000000001fe40000)]
  0x000000001b85e000 JavaThread "jar transforms Thread 2" [_thread_blocked, id=5628, stack(0x000000001fc40000,0x000000001fd40000)]
  0x000000001b85d000 JavaThread "jar transforms" [_thread_blocked, id=9592, stack(0x000000001fee0000,0x000000001ffe0000)]
  0x000000001b861800 JavaThread "Cache worker for file hash cache (D:\Study\University\AndroidStudioProjects\android2020\Activity_intent\.gradle\6.5\fileHashes)" [_thread_blocked, id=5800, stack(0x00000000202b0000,0x00000000203b0000)]
  0x000000001b85b800 JavaThread "Cache worker for file hash cache (C:\Users\tacti\.gradle\caches\6.5\fileHashes)" [_thread_blocked, id=9044, stack(0x000000001d9a0000,0x000000001daa0000)]
  0x000000001b85c800 JavaThread "File lock request listener" [_thread_in_native, id=8032, stack(0x000000001d8a0000,0x000000001d9a0000)]
  0x000000001b7cd000 JavaThread "Cache worker for journal cache (C:\Users\tacti\.gradle\caches\journal-1)" [_thread_blocked, id=13900, stack(0x000000001d7a0000,0x000000001d8a0000)]
  0x000000001b76c000 JavaThread "Thread-9" [_thread_blocked, id=14184, stack(0x000000001d4a0000,0x000000001d5a0000)]
  0x000000001b76f800 JavaThread "Stdin handler" [_thread_blocked, id=5872, stack(0x000000001d3a0000,0x000000001d4a0000)]
  0x000000001b72d000 JavaThread "Asynchronous log dispatcher for DefaultDaemonConnection: socket connection from /127.0.0.1:59525 to /127.0.0.1:59526" [_thread_blocked, id=14196, stack(0x000000001d2a0000,0x000000001d3a0000)]
  0x000000001b726800 JavaThread "Daemon worker" [_thread_in_Java, id=10884, stack(0x000000001d1a0000,0x000000001d2a0000)]
  0x000000001b13d800 JavaThread "Cancel handler" [_thread_blocked, id=11432, stack(0x000000001d0a0000,0x000000001d1a0000)]
  0x000000001a46e000 JavaThread "Handler for socket connection from /127.0.0.1:59525 to /127.0.0.1:59526" [_thread_in_native, id=7648, stack(0x000000001cda0000,0x000000001cea0000)]
  0x000000001b724000 JavaThread "Daemon" [_thread_blocked, id=2148, stack(0x000000001cca0000,0x000000001cda0000)]
  0x000000001b701000 JavaThread "Daemon periodic checks" [_thread_blocked, id=13396, stack(0x000000001cba0000,0x000000001cca0000)]
  0x000000001b6b3000 JavaThread "Incoming local TCP Connector on port 59525" [_thread_in_native, id=1008, stack(0x000000001c950000,0x000000001ca50000)]
  0x000000001b685800 JavaThread "Daemon health stats" [_thread_blocked, id=9444, stack(0x000000001c310000,0x000000001c410000)]
  0x00000000191c4000 JavaThread "Service Thread" daemon [_thread_blocked, id=12056, stack(0x0000000019770000,0x0000000019870000)]
  0x00000000173eb000 JavaThread "C1 CompilerThread2" daemon [_thread_blocked, id=3232, stack(0x0000000019670000,0x0000000019770000)]
=>0x0000000019178800 JavaThread "C2 CompilerThread1" daemon [_thread_in_native, id=2316, stack(0x0000000019570000,0x0000000019670000)]
  0x00000000173d5800 JavaThread "C2 CompilerThread0" daemon [_thread_in_native, id=6400, stack(0x0000000019070000,0x0000000019170000)]
  0x00000000173d4800 JavaThread "Attach Listener" daemon [_thread_blocked, id=14260, stack(0x0000000018f70000,0x0000000019070000)]
  0x00000000173da000 JavaThread "Signal Dispatcher" daemon [_thread_blocked, id=6812, stack(0x0000000018e70000,0x0000000018f70000)]
  0x000000000256c800 JavaThread "Finalizer" daemon [_thread_blocked, id=6036, stack(0x0000000018c60000,0x0000000018d60000)]
  0x00000000173bb000 JavaThread "Reference Handler" daemon [_thread_blocked, id=13528, stack(0x0000000018b60000,0x0000000018c60000)]
  0x0000000000a9d800 JavaThread "main" [_thread_blocked, id=1048, stack(0x0000000002370000,0x0000000002470000)]

Other Threads:
  0x0000000017396800 VMThread [stack: 0x0000000018a60000,0x0000000018b60000] [id=7032]
  0x00000000191c5000 WatcherThread [stack: 0x0000000019870000,0x0000000019970000] [id=9112]

VM state:not at safepoint (normal execution)

VM Mutex/Monitor currently owned by a thread: None

heap address: 0x0000000080000000, size: 2048 MB, Compressed Oops mode: 32-bit
Narrow klass base: 0x0000000000000000, Narrow klass shift: 3
Compressed class space size: 1073741824 Address: 0x0000000100000000

Heap:
 PSYoungGen      total 406528K, used 44368K [0x00000000d5580000, 0x00000000f0000000, 0x0000000100000000)
  eden space 386560K, 11% used [0x00000000d5580000,0x00000000d80d41d0,0x00000000ecf00000)
  from space 19968K, 0% used [0x00000000eec80000,0x00000000eec80000,0x00000000f0000000)
  to   space 24576K, 0% used [0x00000000ed000000,0x00000000ed000000,0x00000000ee800000)
 ParOldGen       total 164864K, used 35924K [0x0000000080000000, 0x000000008a100000, 0x00000000d5580000)
  object space 164864K, 21% used [0x0000000080000000,0x0000000082315150,0x000000008a100000)
 Metaspace       used 58525K, capacity 61040K, committed 61272K, reserved 1101824K
  class space    used 8025K, capacity 8524K, committed 8576K, reserved 1048576K

Card table byte_map: [0x0000000011930000,0x0000000011d40000] byte_map_base: 0x0000000011530000

Marking Bits: (ParMarkBitMap*) 0x000000006caaf030
 Begin Bits: [0x00000000125f0000, 0x00000000145f0000)
 End Bits:   [0x00000000145f0000, 0x00000000165f0000)

Polling page: 0x0000000000ab0000

CodeCache: size=245760Kb used=19261Kb max_used=19261Kb free=226498Kb
 bounds [0x0000000002570000, 0x0000000003850000, 0x0000000011570000]
 total_blobs=6142 nmethods=5369 adapters=684
 compilation: enabled

Compilation events (10 events):
Event: 5.798 Thread 0x00000000173eb000 5383       3       org.objectweb.asm.AnnotationWriter::putAnnotations (67 bytes)
Event: 5.798 Thread 0x00000000173eb000 nmethod 5383 0x0000000003845e50 code [0x0000000003846040, 0x0000000003846898]
Event: 5.799 Thread 0x00000000173eb000 5384       2       java.nio.charset.CharsetEncoder::reset (11 bytes)
Event: 5.799 Thread 0x00000000173eb000 nmethod 5384 0x0000000003846bd0 code [0x0000000003846d20, 0x0000000003846e70]
Event: 5.799 Thread 0x00000000173eb000 5385       2       java.nio.charset.CharsetEncoder::implReset (1 bytes)
Event: 5.799 Thread 0x00000000173eb000 nmethod 5385 0x0000000003846f10 code [0x0000000003847060, 0x00000000038471b0]
Event: 5.803 Thread 0x00000000173eb000 5386       2       java.lang.Integer::stringSize (21 bytes)
Event: 5.803 Thread 0x00000000173eb000 nmethod 5386 0x0000000003847210 code [0x0000000003847380, 0x0000000003847530]
Event: 5.804 Thread 0x00000000173eb000 5387       3       java.lang.AbstractStringBuilder::append (62 bytes)
Event: 5.805 Thread 0x00000000173eb000 nmethod 5387 0x0000000003847650 code [0x0000000003847840, 0x0000000003848178]

GC Heap History (10 events):
Event: 3.300 GC heap before
{Heap before GC invocations=7 (full 1):
 PSYoungGen      total 141824K, used 42331K [0x00000000d5580000, 0x00000000e5980000, 0x0000000100000000)
  eden space 131072K, 24% used [0x00000000d5580000,0x00000000d745a738,0x00000000dd580000)
  from space 10752K, 99% used [0x00000000dd580000,0x00000000ddffc6c0,0x00000000de000000)
  to   space 15360K, 0% used [0x00000000e4a80000,0x00000000e4a80000,0x00000000e5980000)
 ParOldGen       total 84480K, used 9236K [0x0000000080000000, 0x0000000085280000, 0x00000000d5580000)
  object space 84480K, 10% used [0x0000000080000000,0x0000000080905338,0x0000000085280000)
 Metaspace       used 34013K, capacity 35294K, committed 35416K, reserved 1079296K
  class space    used 4595K, capacity 4916K, committed 4992K, reserved 1048576K
Event: 3.317 GC heap after
Heap after GC invocations=7 (full 1):
 PSYoungGen      total 247808K, used 7866K [0x00000000d5580000, 0x00000000e5780000, 0x0000000100000000)
  eden space 234496K, 0% used [0x00000000d5580000,0x00000000d5580000,0x00000000e3a80000)
  from space 13312K, 59% used [0x00000000e4a80000,0x00000000e522e8a0,0x00000000e5780000)
  to   space 14848K, 0% used [0x00000000e3a80000,0x00000000e3a80000,0x00000000e4900000)
 ParOldGen       total 84480K, used 9244K [0x0000000080000000, 0x0000000085280000, 0x00000000d5580000)
  object space 84480K, 10% used [0x0000000080000000,0x0000000080907338,0x0000000085280000)
 Metaspace       used 34013K, capacity 35294K, committed 35416K, reserved 1079296K
  class space    used 4595K, capacity 4916K, committed 4992K, reserved 1048576K
}
Event: 3.317 GC heap before
{Heap before GC invocations=8 (full 2):
 PSYoungGen      total 247808K, used 7866K [0x00000000d5580000, 0x00000000e5780000, 0x0000000100000000)
  eden space 234496K, 0% used [0x00000000d5580000,0x00000000d5580000,0x00000000e3a80000)
  from space 13312K, 59% used [0x00000000e4a80000,0x00000000e522e8a0,0x00000000e5780000)
  to   space 14848K, 0% used [0x00000000e3a80000,0x00000000e3a80000,0x00000000e4900000)
 ParOldGen       total 84480K, used 9244K [0x0000000080000000, 0x0000000085280000, 0x00000000d5580000)
  object space 84480K, 10% used [0x0000000080000000,0x0000000080907338,0x0000000085280000)
 Metaspace       used 34013K, capacity 35294K, committed 35416K, reserved 1079296K
  class space    used 4595K, capacity 4916K, committed 4992K, reserved 1048576K
Event: 3.355 GC heap after
Heap after GC invocations=8 (full 2):
 PSYoungGen      total 247808K, used 0K [0x00000000d5580000, 0x00000000e5780000, 0x0000000100000000)
  eden space 234496K, 0% used [0x00000000d5580000,0x00000000d5580000,0x00000000e3a80000)
  from space 13312K, 0% used [0x00000000e4a80000,0x00000000e4a80000,0x00000000e5780000)
  to   space 14848K, 0% used [0x00000000e3a80000,0x00000000e3a80000,0x00000000e4900000)
 ParOldGen       total 113664K, used 14309K [0x0000000080000000, 0x0000000086f00000, 0x00000000d5580000)
  object space 113664K, 12% used [0x0000000080000000,0x0000000080df95f0,0x0000000086f00000)
 Metaspace       used 34013K, capacity 35294K, committed 35416K, reserved 1079296K
  class space    used 4595K, capacity 4916K, committed 4992K, reserved 1048576K
}
Event: 4.658 GC heap before
{Heap before GC invocations=9 (full 2):
 PSYoungGen      total 247808K, used 234496K [0x00000000d5580000, 0x00000000e5780000, 0x0000000100000000)
  eden space 234496K, 100% used [0x00000000d5580000,0x00000000e3a80000,0x00000000e3a80000)
  from space 13312K, 0% used [0x00000000e4a80000,0x00000000e4a80000,0x00000000e5780000)
  to   space 14848K, 0% used [0x00000000e3a80000,0x00000000e3a80000,0x00000000e4900000)
 ParOldGen       total 113664K, used 14309K [0x0000000080000000, 0x0000000086f00000, 0x00000000d5580000)
  object space 113664K, 12% used [0x0000000080000000,0x0000000080df95f0,0x0000000086f00000)
 Metaspace       used 47403K, capacity 49476K, committed 49880K, reserved 1091584K
  class space    used 6405K, capacity 6842K, committed 6912K, reserved 1048576K
Event: 4.671 GC heap after
Heap after GC invocations=9 (full 2):
 PSYoungGen      total 249344K, used 14839K [0x00000000d5580000, 0x00000000f0000000, 0x0000000100000000)
  eden space 234496K, 0% used [0x00000000d5580000,0x00000000d5580000,0x00000000e3a80000)
  from space 14848K, 99% used [0x00000000e3a80000,0x00000000e48fde28,0x00000000e4900000)
  to   space 19968K, 0% used [0x00000000eec80000,0x00000000eec80000,0x00000000f0000000)
 ParOldGen       total 113664K, used 19766K [0x0000000080000000, 0x0000000086f00000, 0x00000000d5580000)
  object space 113664K, 17% used [0x0000000080000000,0x000000008134d8c0,0x0000000086f00000)
 Metaspace       used 47403K, capacity 49476K, committed 49880K, reserved 1091584K
  class space    used 6405K, capacity 6842K, committed 6912K, reserved 1048576K
}
Event: 5.475 GC heap before
{Heap before GC invocations=10 (full 2):
 PSYoungGen      total 249344K, used 122946K [0x00000000d5580000, 0x00000000f0000000, 0x0000000100000000)
  eden space 234496K, 46% used [0x00000000d5580000,0x00000000dbf12af8,0x00000000e3a80000)
  from space 14848K, 99% used [0x00000000e3a80000,0x00000000e48fde28,0x00000000e4900000)
  to   space 19968K, 0% used [0x00000000eec80000,0x00000000eec80000,0x00000000f0000000)
 ParOldGen       total 113664K, used 19766K [0x0000000080000000, 0x0000000086f00000, 0x00000000d5580000)
  object space 113664K, 17% used [0x0000000080000000,0x000000008134d8c0,0x0000000086f00000)
 Metaspace       used 56451K, capacity 58942K, committed 59028K, reserved 1099776K
  class space    used 7682K, capacity 8169K, committed 8192K, reserved 1048576K
Event: 5.485 GC heap after
Heap after GC invocations=10 (full 2):
 PSYoungGen      total 406528K, used 19939K [0x00000000d5580000, 0x00000000f0000000, 0x0000000100000000)
  eden space 386560K, 0% used [0x00000000d5580000,0x00000000d5580000,0x00000000ecf00000)
  from space 19968K, 99% used [0x00000000eec80000,0x00000000efff8da8,0x00000000f0000000)
  to   space 24576K, 0% used [0x00000000ed000000,0x00000000ed000000,0x00000000ee800000)
 ParOldGen       total 113664K, used 23427K [0x0000000080000000, 0x0000000086f00000, 0x00000000d5580000)
  object space 113664K, 20% used [0x0000000080000000,0x00000000816e0ca0,0x0000000086f00000)
 Metaspace       used 56451K, capacity 58942K, committed 59028K, reserved 1099776K
  class space    used 7682K, capacity 8169K, committed 8192K, reserved 1048576K
}
Event: 5.485 GC heap before
{Heap before GC invocations=11 (full 3):
 PSYoungGen      total 406528K, used 19939K [0x00000000d5580000, 0x00000000f0000000, 0x0000000100000000)
  eden space 386560K, 0% used [0x00000000d5580000,0x00000000d5580000,0x00000000ecf00000)
  from space 19968K, 99% used [0x00000000eec80000,0x00000000efff8da8,0x00000000f0000000)
  to   space 24576K, 0% used [0x00000000ed000000,0x00000000ed000000,0x00000000ee800000)
 ParOldGen       total 113664K, used 23427K [0x0000000080000000, 0x0000000086f00000, 0x00000000d5580000)
  object space 113664K, 20% used [0x0000000080000000,0x00000000816e0ca0,0x0000000086f00000)
 Metaspace       used 56451K, capacity 58942K, committed 59028K, reserved 1099776K
  class space    used 7682K, capacity 8169K, committed 8192K, reserved 1048576K
Event: 5.608 GC heap after
Heap after GC invocations=11 (full 3):
 PSYoungGen      total 406528K, used 0K [0x00000000d5580000, 0x00000000f0000000, 0x0000000100000000)
  eden space 386560K, 0% used [0x00000000d5580000,0x00000000d5580000,0x00000000ecf00000)
  from space 19968K, 0% used [0x00000000eec80000,0x00000000eec80000,0x00000000f0000000)
  to   space 24576K, 0% used [0x00000000ed000000,0x00000000ed000000,0x00000000ee800000)
 ParOldGen       total 164864K, used 35924K [0x0000000080000000, 0x000000008a100000, 0x00000000d5580000)
  object space 164864K, 21% used [0x0000000080000000,0x0000000082315150,0x000000008a100000)
 Metaspace       used 56421K, capacity 58840K, committed 59028K, reserved 1099776K
  class space    used 7673K, capacity 8152K, committed 8192K, reserved 1048576K
}

Deoptimization events (10 events):
Event: 5.699 Thread 0x000000001b726800 Uncommon trap: reason=unstable_if action=reinterpret pc=0x0000000003663e04 method=org.objectweb.asm.AnnotationWriter.computeAnnotationsSize(Lorg/objectweb/asm/AnnotationWriter;Lorg/objectweb/asm/AnnotationWriter;Lorg/objectweb/asm/AnnotationWriter;Lorg/ob
Event: 5.699 Thread 0x000000001b726800 Uncommon trap: reason=unstable_if action=reinterpret pc=0x000000000366457c method=org.objectweb.asm.AnnotationWriter.putAnnotations(Lorg/objectweb/asm/SymbolTable;Lorg/objectweb/asm/AnnotationWriter;Lorg/objectweb/asm/AnnotationWriter;Lorg/objectweb/asm/A
Event: 5.731 Thread 0x000000001b726800 Uncommon trap: reason=unstable_if action=reinterpret pc=0x00000000035a4384 method=java.util.TreeMap.put(Ljava/lang/Object;Ljava/lang/Object;)Ljava/lang/Object; @ 163
Event: 5.733 Thread 0x000000001b726800 Uncommon trap: reason=unstable_if action=reinterpret pc=0x000000000304d99c method=java.lang.AbstractStringBuilder.append(I)Ljava/lang/AbstractStringBuilder; @ 16
Event: 5.762 Thread 0x000000001b726800 Uncommon trap: reason=unstable_if action=reinterpret pc=0x000000000309a170 method=java.lang.reflect.Proxy.isProxyClass(Ljava/lang/Class;)Z @ 6
Event: 5.784 Thread 0x000000001b726800 Uncommon trap: reason=speculate_class_check action=maybe_recompile pc=0x00000000032017b8 method=com.google.common.collect.AbstractIndexedListIterator.next()Ljava/lang/Object; @ 27
Event: 5.784 Thread 0x000000001b726800 Uncommon trap: reason=speculate_class_check action=maybe_recompile pc=0x00000000032017b8 method=com.google.common.collect.AbstractIndexedListIterator.next()Ljava/lang/Object; @ 27
Event: 5.784 Thread 0x000000001b726800 Uncommon trap: reason=speculate_class_check action=maybe_recompile pc=0x00000000032017b8 method=com.google.common.collect.AbstractIndexedListIterator.next()Ljava/lang/Object; @ 27
Event: 5.784 Thread 0x000000001b726800 Uncommon trap: reason=speculate_class_check action=maybe_recompile pc=0x00000000032017b8 method=com.google.common.collect.AbstractIndexedListIterator.next()Ljava/lang/Object; @ 27
Event: 5.793 Thread 0x000000001b726800 Uncommon trap: reason=class_check action=maybe_recompile pc=0x0000000003795c9c method=java.util.Collections$SetFromMap.add(Ljava/lang/Object;)Z @ 8

Classes redefined (0 events):
No events

Internal exceptions (10 events):
Event: 5.655 Thread 0x000000001b726800 Exception <a 'java/lang/ClassNotFoundException': java/lang/ClassBeanInfo> (0x00000000d621d798) thrown at [C:\src\AOSP-openjdk-git\hotspot\src\share\vm\classfile\systemDictionary.cpp, line 210]
Event: 5.655 Thread 0x000000001b726800 Exception <a 'java/lang/ClassNotFoundException': java/lang/ClassCustomizer> (0x00000000d6225e50) thrown at [C:\src\AOSP-openjdk-git\hotspot\src\share\vm\classfile\systemDictionary.cpp, line 210]
Event: 5.657 Thread 0x000000001b726800 Exception <a 'java/lang/ClassNotFoundException': java/lang/StringBeanInfo> (0x00000000d63626f8) thrown at [C:\src\AOSP-openjdk-git\hotspot\src\share\vm\classfile\systemDictionary.cpp, line 210]
Event: 5.658 Thread 0x000000001b726800 Exception <a 'java/lang/ClassNotFoundException': java/lang/StringCustomizer> (0x00000000d636adb0) thrown at [C:\src\AOSP-openjdk-git\hotspot\src\share\vm\classfile\systemDictionary.cpp, line 210]
Event: 5.659 Thread 0x000000001b726800 Exception <a 'java/lang/ClassNotFoundException': org/jetbrains/plugins/gradle/model/scala/ScalaModelBeanInfo> (0x00000000d63c5df0) thrown at [C:\src\AOSP-openjdk-git\hotspot\src\share\vm\classfile\systemDictionary.cpp, line 210]
Event: 5.660 Thread 0x000000001b726800 Exception <a 'java/lang/ClassNotFoundException': org/jetbrains/plugins/gradle/model/scala/ScalaModelCustomizer> (0x00000000d63d84f8) thrown at [C:\src\AOSP-openjdk-git\hotspot\src\share\vm\classfile\systemDictionary.cpp, line 210]
Event: 5.771 Thread 0x000000001b76c000 Exception <a 'java/lang/NoSuchMethodError': <clinit>> (0x00000000d5b272b8) thrown at [C:\src\AOSP-openjdk-git\hotspot\src\share\vm\prims\jni.cpp, line 1615]
Event: 5.772 Thread 0x000000001b76c000 Exception <a 'java/lang/NoSuchMethodError': <clinit>> (0x00000000d5b36a88) thrown at [C:\src\AOSP-openjdk-git\hotspot\src\share\vm\prims\jni.cpp, line 1615]
Event: 5.772 Thread 0x000000001b76c000 Exception <a 'java/lang/NoSuchMethodError': <clinit>> (0x00000000d5b40940) thrown at [C:\src\AOSP-openjdk-git\hotspot\src\share\vm\prims\jni.cpp, line 1615]
Event: 5.773 Thread 0x000000001b76c000 Exception <a 'java/lang/NoSuchMethodError': <clinit>> (0x00000000d5b496b8) thrown at [C:\src\AOSP-openjdk-git\hotspot\src\share\vm\prims\jni.cpp, line 1615]

Events (10 events):
Event: 5.806 loading class org/gradle/api/internal/tasks/execution/ExecuteActionsTaskExecuter$BuildCacheState
Event: 5.806 loading class org/gradle/api/internal/tasks/execution/ExecuteActionsTaskExecuter$BuildCacheState done
Event: 5.806 loading class org/gradle/api/internal/tasks/execution/ExecuteActionsTaskExecuter$ScanPluginState
Event: 5.806 loading class org/gradle/api/internal/tasks/execution/ExecuteActionsTaskExecuter$ScanPluginState done
Event: 5.807 loading class org/gradle/api/internal/tasks/execution/CleanupStaleOutputsExecuter
Event: 5.807 loading class org/gradle/api/internal/tasks/execution/CleanupStaleOutputsExecuter done
Event: 5.807 loading class org/gradle/api/internal/tasks/execution/FinalizePropertiesTaskExecuter
Event: 5.807 loading class org/gradle/api/internal/tasks/execution/FinalizePropertiesTaskExecuter done
Event: 5.807 loading class org/gradle/api/internal/tasks/execution/ResolveTaskExecutionModeExecuter
Event: 5.807 loading class org/gradle/api/internal/tasks/execution/ResolveTaskExecutionModeExecuter done


Dynamic libraries:
0x00007ff7e9c20000 - 0x00007ff7e9c51000 	C:\Program Files\Android\Android Studio\jre\bin\java.exe
0x00007ffdafe30000 - 0x00007ffdb0026000 	C:\Windows\SYSTEM32\ntdll.dll
0x00007ffdaf970000 - 0x00007ffdafa2d000 	C:\Windows\System32\KERNEL32.DLL
0x00007ffdad6e0000 - 0x00007ffdad9a8000 	C:\Windows\System32\KERNELBASE.dll
0x00007ffdaef20000 - 0x00007ffdaefcc000 	C:\Windows\System32\ADVAPI32.dll
0x00007ffdaf8d0000 - 0x00007ffdaf96e000 	C:\Windows\System32\msvcrt.dll
0x00007ffdaebc0000 - 0x00007ffdaec5b000 	C:\Windows\System32\sechost.dll
0x00007ffdafb50000 - 0x00007ffdafc74000 	C:\Windows\System32\RPCRT4.dll
0x00007ffdaf730000 - 0x00007ffdaf8d0000 	C:\Windows\System32\USER32.dll
0x00007ffdadc50000 - 0x00007ffdadc72000 	C:\Windows\System32\win32u.dll
0x00007ffdae8a0000 - 0x00007ffdae8ca000 	C:\Windows\System32\GDI32.dll
0x00007ffdad570000 - 0x00007ffdad679000 	C:\Windows\System32\gdi32full.dll
0x00007ffdadbb0000 - 0x00007ffdadc4d000 	C:\Windows\System32\msvcp_win.dll
0x00007ffdada30000 - 0x00007ffdadb30000 	C:\Windows\System32\ucrtbase.dll
0x00007ffda1cb0000 - 0x00007ffda1f4b000 	C:\Windows\WinSxS\amd64_microsoft.windows.common-controls_6595b64144ccf1df_6.0.19041.488_none_ca04af081b815d21\COMCTL32.dll
0x00007ffdae810000 - 0x00007ffdae840000 	C:\Windows\System32\IMM32.DLL
0x000000006c120000 - 0x000000006c1f2000 	C:\Program Files\Android\Android Studio\jre\jre\bin\msvcr100.dll
0x000000006c2e0000 - 0x000000006cb2b000 	C:\Program Files\Android\Android Studio\jre\jre\bin\server\jvm.dll
0x00007ffdaea60000 - 0x00007ffdaea68000 	C:\Windows\System32\PSAPI.DLL
0x00007ffda7610000 - 0x00007ffda7619000 	C:\Windows\SYSTEM32\WSOCK32.dll
0x00007ffdaec60000 - 0x00007ffdaeccb000 	C:\Windows\System32\WS2_32.dll
0x00007ffda2330000 - 0x00007ffda2357000 	C:\Windows\SYSTEM32\WINMM.dll
0x00007ffda70a0000 - 0x00007ffda70aa000 	C:\Windows\SYSTEM32\VERSION.dll
0x00007ffda1a10000 - 0x00007ffda1a1f000 	C:\Program Files\Android\Android Studio\jre\jre\bin\verify.dll
0x00007ffd97800000 - 0x00007ffd97829000 	C:\Program Files\Android\Android Studio\jre\jre\bin\java.dll
0x00007ffd9d9b0000 - 0x00007ffd9d9c6000 	C:\Program Files\Android\Android Studio\jre\jre\bin\zip.dll
0x00007ffdaefe0000 - 0x00007ffdaf721000 	C:\Windows\System32\SHELL32.dll
0x00007ffdab6e0000 - 0x00007ffdabe75000 	C:\Windows\SYSTEM32\windows.storage.dll
0x00007ffdae040000 - 0x00007ffdae395000 	C:\Windows\System32\combase.dll
0x00007ffdacfe0000 - 0x00007ffdad00c000 	C:\Windows\SYSTEM32\Wldp.dll
0x00007ffdaee70000 - 0x00007ffdaef1e000 	C:\Windows\System32\SHCORE.dll
0x00007ffdaecd0000 - 0x00007ffdaed25000 	C:\Windows\System32\shlwapi.dll
0x00007ffdad4a0000 - 0x00007ffdad4c6000 	C:\Windows\SYSTEM32\profapi.dll
0x00007ffd981f0000 - 0x00007ffd9820a000 	C:\Program Files\Android\Android Studio\jre\jre\bin\net.dll
0x00007ffdacd60000 - 0x00007ffdacdca000 	C:\Windows\system32\mswsock.dll
0x00007ffd975b0000 - 0x00007ffd975c3000 	C:\Program Files\Android\Android Studio\jre\jre\bin\nio.dll
0x00007ffda97a0000 - 0x00007ffda97c7000 	C:\Users\tacti\.gradle\native\f6784746aeab05261644944871eae4fe03e0ef1612fff0a4a95f87b438bc6780\windows-amd64\native-platform.dll
0x00007ffd9e620000 - 0x00007ffd9e62d000 	C:\Program Files\Android\Android Studio\jre\jre\bin\management.dll
0x00007ffdacf30000 - 0x00007ffdacf48000 	C:\Windows\SYSTEM32\CRYPTSP.dll
0x00007ffdac620000 - 0x00007ffdac654000 	C:\Windows\system32\rsaenh.dll
0x00007ffdadb30000 - 0x00007ffdadb57000 	C:\Windows\System32\bcrypt.dll
0x00007ffdad420000 - 0x00007ffdad44e000 	C:\Windows\SYSTEM32\USERENV.dll
0x00007ffdad9b0000 - 0x00007ffdada2f000 	C:\Windows\System32\bcryptprimitives.dll
0x00007ffdacf50000 - 0x00007ffdacf5c000 	C:\Windows\SYSTEM32\CRYPTBASE.dll
0x00007ffdaca00000 - 0x00007ffdaca3b000 	C:\Windows\SYSTEM32\IPHLPAPI.DLL
0x00007ffdaefd0000 - 0x00007ffdaefd8000 	C:\Windows\System32\NSI.dll
0x00007ffda7fb0000 - 0x00007ffda7fc7000 	C:\Windows\SYSTEM32\dhcpcsvc6.DLL
0x00007ffda7f90000 - 0x00007ffda7fad000 	C:\Windows\SYSTEM32\dhcpcsvc.DLL
0x00007ffdaca50000 - 0x00007ffdacb1b000 	C:\Windows\SYSTEM32\DNSAPI.dll
0x00007ffda8050000 - 0x00007ffda805b000 	C:\Windows\SYSTEM32\WINNSI.DLL

VM Arguments:
jvm_args: -Xmx2048m -Dfile.encoding=windows-1251 -Duser.country=RU -Duser.language=ru -Duser.variant 
java_command: org.gradle.launcher.daemon.bootstrap.GradleDaemon 6.5
java_class_path (initial): C:\Users\tacti\.gradle\wrapper\dists\gradle-6.5-bin\6nifqtx7604sqp1q6g8wikw7p\gradle-6.5\lib\gradle-launcher-6.5.jar
Launcher Type: SUN_STANDARD

Environment Variables:
PATH=C:\Program Files (x86)\Common Files\Oracle\Java\javapath;C:\Windows\system32;C:\Windows;C:\Windows\System32\Wbem;C:\Windows\System32\WindowsPowerShell\v1.0\;C:\Windows\System32\OpenSSH\;C:\Program Files\Git\cmd;C:\Users\tacti\AppData\Local\Programs\Python\Python39\Scripts\;C:\Users\tacti\AppData\Local\Programs\Python\Python39\;C:\Users\tacti\AppData\Local\Microsoft\WindowsApps;C:\Users\tacti\AppData\Local\Programs\Microsoft VS Code\bin;
USERNAME=tacti
OS=Windows_NT
PROCESSOR_IDENTIFIER=Intel64 Family 6 Model 158 Stepping 13, GenuineIntel



---------------  S Y S T E M  ---------------

OS: Windows 10.0 , 64 bit Build 19041 (10.0.19041.546)

CPU:total 6 (initial active 6) (6 cores per cpu, 1 threads per core) family 6 model 158 stepping 13, cmov, cx8, fxsr, mmx, sse, sse2, sse3, ssse3, sse4.1, sse4.2, popcnt, avx, avx2, aes, clmul, erms, 3dnowpref, lzcnt, tsc, tscinvbit, bmi1, bmi2, adx

Memory: 4k page, physical 16709564k(5156264k free), swap 18806716k(5272k free)

vm_info: OpenJDK 64-Bit Server VM (25.242-b01) for windows-amd64 JRE (1.8.0_242-release-1644-b01), built by "builder" with MS VC++ 10.0 (VS2010)

time: Fri Dec 04 20:26:20 2020
timezone: Беларусь (зима)
elapsed time: 5 seconds (0d 0h 0m 5s)

